Running Starter Junit Tests...
Thanks for using JUnit! Support its development at https://junit.org/sponsoring

[36m╷[0m
[36m├─[0m [36mJUnit Jupiter[0m [32m✔[0m
[36m│  ├─[0m [36mOthelloTest[0m [32m✔[0m
[36m│  │  ├─[0m [34mtestGetCount()[0m [32m✔[0m
[36m│  │  ├─[0m [34mtestGetWhosTurn()[0m [32m✔[0m
[36m│  │  ├─[0m [34mtestIsGameOver()[0m [32m✔[0m
[36m│  │  └─[0m [34mtestGetWinner()[0m [32m✔[0m
[36m│  ├─[0m [36mMoveTest[0m [32m✔[0m
[36m│  │  ├─[0m [34mgetCol()[0m [32m✔[0m
[36m│  │  ├─[0m [34mgetRow()[0m [32m✔[0m
[36m│  │  └─[0m [34mtestToString1()[0m [32m✔[0m
[36m│  └─[0m [36mOthelloBoardTest[0m [32m✔[0m
[36m│     ├─[0m [34mtestGetCount()[0m [32m✔[0m
[36m│     ├─[0m [34mtestGet()[0m [32m✔[0m
[36m│     ├─[0m [34mtestOthelloBoard()[0m [32m✔[0m
[36m│     ├─[0m [34mtestMove()[0m [32m✔[0m
[36m│     ├─[0m [34mtestGetDimension()[0m [32m✔[0m
[36m│     ├─[0m [34mtestHasMove()[0m [32m✔[0m
[36m│     └─[0m [34mtestOtherPlayer()[0m [32m✔[0m
[36m├─[0m [36mJUnit Vintage[0m [32m✔[0m
[36m└─[0m [36mJUnit Platform Suite[0m [32m✔[0m

Running Hidden Junit Tests...
Timeout for Hidden JUnit tests
Running Hidden Controller Tests...
